<?xml version="1.0" encoding="UTF-8"?>
<!-- Generated by org.testng.reporters.JUnitReportReporter -->
<testsuite skipped="0" hostname="DESKTOP-NPG0235" name="SeleniumPackage.SeleniumRS.AlertTest" tests="1" failures="0" timestamp="17 Sep 2020 07:18:47 GMT" time="95.175" errors="0">
  <testcase name="alertmethod" time="95.175" classname="SeleniumPackage.SeleniumRS.AlertTest"/>
</testsuite> <!-- SeleniumPackage.SeleniumRS.AlertTest -->
