<?xml version="1.0" encoding="UTF-8"?>
<!-- Generated by org.testng.reporters.JUnitReportReporter -->
<testsuite skipped="0" hostname="DESKTOP-NPG0235" name="SeleniumPackage.SeleniumRS.Alert" tests="1" failures="0" timestamp="21 Aug 2020 07:36:56 GMT" time="45.572" errors="0">
  <testcase name="alertmethod" time="45.572" classname="SeleniumPackage.SeleniumRS.Alert"/>
</testsuite> <!-- SeleniumPackage.SeleniumRS.Alert -->
