<?xml version="1.0" encoding="UTF-8"?>
<!-- Generated by org.testng.reporters.JUnitReportReporter -->
<testsuite skipped="0" hostname="DESKTOP-NPG0235" name="SeleniumPackage.SeleniumRS.GlobalValues" tests="1" failures="0" timestamp="24 Aug 2020 10:50:11 GMT" time="0.009" errors="0">
  <testcase name="global" time="0.009" classname="SeleniumPackage.SeleniumRS.GlobalValues"/>
</testsuite> <!-- SeleniumPackage.SeleniumRS.GlobalValues -->
