<?xml version="1.0" encoding="UTF-8"?>
<!-- Generated by org.testng.reporters.JUnitReportReporter -->
<testsuite skipped="0" hostname="DESKTOP-NPG0235" name="SeleniumPackage.SeleniumRS.CheckboxTest" tests="3" failures="0" timestamp="24 Aug 2020 07:22:46 GMT" time="1.780" errors="0">
  <testcase name="hideshowmethod" time="0.242" classname="SeleniumPackage.SeleniumRS.CheckboxTest"/>
  <testcase name="checkboxmethod" time="0.096" classname="SeleniumPackage.SeleniumRS.CheckboxTest"/>
  <testcase name="mousehovermethod" time="1.442" classname="SeleniumPackage.SeleniumRS.CheckboxTest"/>
</testsuite> <!-- SeleniumPackage.SeleniumRS.CheckboxTest -->
