<?xml version="1.0" encoding="UTF-8"?>
<!-- Generated by org.testng.reporters.JUnitReportReporter -->
<testsuite skipped="0" hostname="DESKTOP-NPG0235" name="SeleniumPackage.SeleniumRS.FrameTest" tests="3" failures="0" timestamp="14 Sep 2020 07:36:51 GMT" time="138.186" errors="0">
  <testcase name="framemethod" time="46.569" classname="SeleniumPackage.SeleniumRS.FrameTest"/>
  <testcase name="framemethod" time="37.675" classname="SeleniumPackage.SeleniumRS.FrameTest"/>
  <testcase name="framemethod" time="53.942" classname="SeleniumPackage.SeleniumRS.FrameTest"/>
</testsuite> <!-- SeleniumPackage.SeleniumRS.FrameTest -->
